<?xml version="1.0" encoding="UTF-8"?>
<testsuite xmlns:xsi="http://www.w3.org/2001/XMLSchema-instance" xsi:noNamespaceSchemaLocation="https://maven.apache.org/surefire/maven-surefire-plugin/xsd/surefire-test-report-3.0.xsd" version="3.0" name="api.bancaria.service.ContaServiceTest" time="0.149" tests="6" errors="0" skipped="0" failures="0">
  <properties>
[...]
</properties>
  <testcase name="testBuscarContasClienteComSucesso" classname="api.bancaria.service.ContaServiceTest" time="0.115">
    <system-out><![CDATA[2025-05-14T00:49:27.749-03:00  INFO 21692 --- [           main] api.bancaria.service.ContaService        : Contas do cliente com ID 1 : [Conta [idConta=1, agencia=0001, saldoAtual=3000.00, tipoConta=CORRENTE, statusConta=ATIVA, cliente=Cliente [idCliente=1, nome=Jacques, cpf=12345678900, dataNascimento=1992-04-30, email=jacques@email.com, telefone=21999999999, endereco=Rua Teste, 333, contas=null]]]
]]></system-out>
  </testcase>
  <testcase name="testAtualizarStatusComSucesso" classname="api.bancaria.service.ContaServiceTest" time="0.009">
    <system-out><![CDATA[2025-05-14T00:49:27.762-03:00  INFO 21692 --- [           main] api.bancaria.service.ContaService        : Conta com o ID 1 atualizada com o novo status: INATIVA
]]></system-out>
  </testcase>
  <testcase name="testSalvarContaComSucesso" classname="api.bancaria.service.ContaServiceTest" time="0.005">
    <system-out><![CDATA[2025-05-14T00:49:27.770-03:00  INFO 21692 --- [           main] api.bancaria.service.ContaService        : Conta criada e salva com os dados: Conta [idConta=2, agencia=0001, saldoAtual=5000.00, tipoConta=SALARIO, statusConta=ATIVA, cliente=Cliente [idCliente=1, nome=Jacques, cpf=12345678900, dataNascimento=1992-04-30, email=jacques@email.com, telefone=21999999999, endereco=Rua Teste, 333, contas=null]]
]]></system-out>
  </testcase>
  <testcase name="testObterPorIdComSucesso" classname="api.bancaria.service.ContaServiceTest" time="0.003">
    <system-out><![CDATA[2025-05-14T00:49:27.774-03:00  INFO 21692 --- [           main] api.bancaria.service.ContaService        : Conta encontrada com o ID: 2
]]></system-out>
  </testcase>
  <testcase name="testAtualizarSaldoComSucesso" classname="api.bancaria.service.ContaServiceTest" time="0.005">
    <system-out><![CDATA[2025-05-14T00:49:27.780-03:00  INFO 21692 --- [           main] api.bancaria.service.ContaService        : Conta com ID 1 atualizada com novo saldo: 4500.00
]]></system-out>
  </testcase>
  <testcase name="testBuscarClientePorId" classname="api.bancaria.service.ContaServiceTest" time="0.003">
    <system-out><![CDATA[2025-05-14T00:49:27.784-03:00  INFO 21692 --- [           main] api.bancaria.service.ContaService        : Cliente com o ID 1 encontrado.
]]></system-out>
  </testcase>
</testsuite>